<?xml version="1.0" encoding="UTF-8"?>
<!-- Generated by org.testng.reporters.JUnitReportReporter -->
<testsuite skipped="0" hostname="SARAN" name="com.automation.framework.TestSuite" tests="1" failures="0" timestamp="26 Apr 2018 06:45:40 GMT" time="0.005" errors="0">
  <testcase name="dummytest" time="0.005" classname="com.automation.framework.TestSuite"/>
</testsuite> <!-- com.automation.framework.TestSuite -->
